<?xml version="1.0" encoding="UTF-8"?>
<testng-results skipped="0" failed="0" total="1" passed="1">
  <reporter-output>
  </reporter-output>
  <suite name="Suite" duration-ms="40310" started-at="2019-12-27T14:59:18Z" finished-at="2019-12-27T14:59:59Z">
    <groups>
    </groups>
    <test name="Test" duration-ms="40310" started-at="2019-12-27T14:59:18Z" finished-at="2019-12-27T14:59:59Z">
      <class name="scripts.CLubmahindraReview">
        <test-method status="PASS" signature="launchapplication()[pri:0, instance:scripts.CLubmahindraReview@100fc185]" name="launchapplication" is-config="true" duration-ms="21515" started-at="2019-12-27T20:29:18Z" finished-at="2019-12-27T20:29:40Z">
          <reporter-output>
          </reporter-output>
        </test-method> <!-- launchapplication -->
        <test-method status="PASS" signature="clubmahindra()[pri:0, instance:scripts.CLubmahindraReview@100fc185]" name="clubmahindra" duration-ms="17924" started-at="2019-12-27T20:29:40Z" finished-at="2019-12-27T20:29:58Z">
          <reporter-output>
          </reporter-output>
        </test-method> <!-- clubmahindra -->
        <test-method status="PASS" signature="closeapplication()[pri:0, instance:scripts.CLubmahindraReview@100fc185]" name="closeapplication" is-config="true" duration-ms="861" started-at="2019-12-27T20:29:58Z" finished-at="2019-12-27T20:29:59Z">
          <reporter-output>
          </reporter-output>
        </test-method> <!-- closeapplication -->
      </class> <!-- scripts.CLubmahindraReview -->
    </test> <!-- Test -->
  </suite> <!-- Suite -->
</testng-results>
